
Stations of the A line:
Broadway-Lawrence St
Fulton-Jay St - Borough Hall
8 Avenue-42nd St
Broadway-7th Ave-Times Square
Broadway-Times Square-42nd St
8 Avenue-14th St
Canarsie-8th Av
Franklin-Franklin Av
8 Avenue-Broadway-Nassau
Clark-Fulton St
Lexington-Fulton St
Nassau-Fulton St
8 Avenue-125th St
8 Avenue-145th St
8 Avenue-168th St - Washington Heights
8 Avenue-175th St
8 Avenue-181st St
8 Avenue-190th St
8 Avenue-34th St
8 Avenue-59th St
Broadway-7th Ave-59th St-Columbus Circle
8 Avenue-Canal St
8 Avenue-Chambers St
8 Avenue-World Trade Center
8 Avenue-Dyckman St-200th St
8 Avenue-High St
8 Avenue-Inwood - 207th St
8 Avenue-West 4th St
Fulton-Broadway Junction-East New York
Fulton-Euclid Av
Fulton-Franklin Av
Fulton-Hoyt & Schermerhorn
Fulton-Kingston-Throop
Fulton-Liberty Av
Fulton-Nostrand Av
Fulton-Ralph Av
Fulton-Rockaway Av
Fulton-Shepherd Av
Fulton-Utica Av
Fulton-Van Siclen Av
Liberty-104th St-Oxford Av
Liberty-111th St-Greenwood Av
Liberty-80th St-Hudson St
Liberty-88th St-Boyd Av
Liberty-Grant Av
Liberty-Lefferts Blvd
Liberty-Rockaway Blvd
Rockaway-Aqueduct-North Conduit Av
Rockaway-Beach 25th St
Rockaway-Beach 36th St
Rockaway-Beach 44th St
Rockaway-Beach 60th St
Rockaway-Beach 67th St
Rockaway-Broad Channel
Rockaway-Far Rockaway-Mott Av
Rockaway-Howard Beach
42nd St Shuttle-Times Square
Broadway-7th Ave-168th St
Clark-Park Place
