
All 424 stations:
4 Avenue-25th St
4 Avenue-36th St
4 Avenue-45th St
4 Avenue-53rd St
4 Avenue-59th St
4 Avenue-77th St
4 Avenue-86th St
4 Avenue-95th St
4 Avenue-9th St
4 Avenue-Atlantic Av-Barclays Ctr
4 Avenue-Pacific St
Brighton-Atlantic Av
Eastern Parkway-Atlantic Av-Barclays Ctr
4 Avenue-Bay Ridge Av
4 Avenue-DeKalb Av
4 Avenue-Prospect Av
4 Avenue-Union St
Astoria-30 Av-Grand Av
Astoria-36 Av-Washington Av
Astoria-39 Av-Beebe Av
Astoria-Astoria Blvd-Hoyt Av
Astoria-Broadway
Astoria-Ditmars Blvd
Brighton-7th Av
Brighton-Av H
Brighton-Av J
Brighton-Av M
Brighton-Av U
Brighton-Beverly Rd
Brighton-Brighton Beach
Brighton-Church Av
Brighton-Cortelyou Rd
Brighton-Kings Highway
Brighton-Neck Rd
Brighton-Newkirk Av
Brighton-Ocean Parkway
Brighton-Parkside Av
Brighton-Prospect Park
Brighton-Sheepshead Bay
Brighton-Stillwell Av
Coney Island-Stillwell Av
Broadway-23rd St
Broadway-28th St
6 Avenue-34th St
Broadway-34th St
Broadway-49th St
Broadway-57th St
Broadway-5th Av
Broadway-8th St
Broadway-Canal St (UL)
Lexington-Canal St
Nassau-Canal St
Broadway-City Hall
Broadway-Cortlandt St
Broadway-Court St
Clark-Borough Hall
Lexington-Borough Hall
Broadway-Lawrence St
Fulton-Jay St - Borough Hall
Broadway-Lexington Av
Lexington-59th St
Broadway-Prince St
Broadway-Rector St
8 Avenue-42nd St
Broadway-7th Ave-Times Square
Broadway-Times Square-42nd St
Broadway-Union Square
Canarsie-Union Square
Lexington-14th St-Union Square
Broadway Jamaica-104th St-102nd St
Broadway Jamaica-111th St
Broadway Jamaica-121st St
Broadway Jamaica-Chauncey St
Broadway Jamaica-Cleveland St
Broadway Jamaica-Crescent St
Broadway Jamaica-Cypress Hills
Broadway Jamaica-Elderts Lane-75th St
Broadway Jamaica-Flushing Av
Broadway Jamaica-Forest Parkway-85th St
Broadway Jamaica-Gates Av
Broadway Jamaica-Halsey St
Broadway Jamaica-Hewes St
Broadway Jamaica-Kosciusko St
Broadway Jamaica-Lorimer St
Broadway Jamaica-Marcy Av
Broadway Jamaica-Myrtle Av
Broadway Jamaica-Norwood Av
Broadway Jamaica-Van Siclen Av
Broadway Jamaica-Woodhaven Blvd
Canarsie-1st Av
Canarsie-3rd Av
6 Avenue-14th St
Broadway-7th Ave-14th St
Canarsie-6th Av
8 Avenue-14th St
Canarsie-8th Av
Canarsie-Atlantic Av
Canarsie-Bedford Av
Canarsie-Bushwick Av
Canarsie-Canarsie - Rockaway Parkway
Canarsie-DeKalb Av
Canarsie-East 105th St
Canarsie-Graham Av
Canarsie-Grand St
Canarsie-Halsey St
Canarsie-Jefferson St
Canarsie-Livonia Av
Canarsie-Lorimer St
Crosstown-Metropolitan Av
Canarsie-Montrose Av
Canarsie-Morgan Av
Canarsie-Myrtle Av
Canarsie-New Lots Av
Canarsie-Sutter Av
Canarsie-Wilson Av
Coney Island-West 8th St
Eastern Parkway-Franklin Av
Franklin-Botanic Gardens
Franklin-Franklin Av
Franklin-Park Place
Myrtle-Central Av
Myrtle-Forest Av
Myrtle-Fresh Pond Rd
Myrtle-Knickerbocker Av
Myrtle-Metropolitan Av
Myrtle-Seneca Av
Nassau-Bowery
Nassau-Broad St
Lexington-Brooklyn Bridge-City Hall
Nassau-Chambers St
6 Avenue-Delancey St
Nassau-Essex St
8 Avenue-Broadway-Nassau
Clark-Fulton St
Lexington-Fulton St
Nassau-Fulton St
Sea Beach-18th Av
Sea Beach-20th Av
Sea Beach-86th St
Sea Beach-8th Av
Sea Beach-Av U
Sea Beach-Bay Parkway-22nd Av
Sea Beach-Fort Hamilton Parkway
Sea Beach-Kings Highway
Sea Beach-New Utrecht Av
West End-62nd St
West End-18th Av
West End-20th Av
West End-25th Av
West End-50th St
West End-55th St
West End-71st St
West End-79th St
West End-9th Av
West End-Bay 50th St
West End-Bay Parkway
West End-Fort Hamilton Parkway
6 Avenue-23rd St
6 Avenue-2nd Av
6 Avenue-42nd St
Flushing-5th Av
6 Avenue-47-50th Sts Rockefeller Center
6 Avenue-4th Av
6 Avenue-57th St
6 Avenue-7th Av
6 Avenue-Bergen St
6 Avenue-Broadway-Lafayette St
Lexington-Bleecker St
6 Avenue-Carroll St
6 Avenue-Church Av
6 Avenue-East Broadway
6 Avenue-Fort Hamilton Parkway
6 Avenue-Grand St
6 Avenue-Prospect Park-15 St
6 Avenue-Smith-9th St
6 Avenue-York St
63rd Street-21st St
63rd Street-Lexington Av
63rd Street-Roosevelt Island
8 Avenue-103rd St
8 Avenue-116th St
8 Avenue-125th St
8 Avenue-135th St
8 Avenue-145th St
8 Avenue-155th St
8 Avenue-163rd St - Amsterdam Av
8 Avenue-168th St - Washington Heights
8 Avenue-175th St
8 Avenue-181st St
8 Avenue-190th St
8 Avenue-23rd St
8 Avenue-34th St
8 Avenue-50th St
8 Avenue-59th St
Broadway-7th Ave-59th St-Columbus Circle
8 Avenue-72nd St
8 Avenue-81st St - Museum of Natural History
8 Avenue-86th St
8 Avenue-96th St
8 Avenue-Canal St
8 Avenue-Cathedral Parkway-110th St
8 Avenue-Chambers St
8 Avenue-World Trade Center
8 Avenue-Dyckman St-200th St
8 Avenue-High St
8 Avenue-Inwood - 207th St
8 Avenue-Spring St
8 Avenue-West 4th St
Archer Av-Jamaica-Van Wyck
Archer Av-Parsons Blvd-Archer Av - Jamaica Center
Archer Av-Sutphin Blvd-Archer Av - JFK
Concourse-155th St
Concourse-167th St
Concourse-170th St
Concourse-174-175th Sts
Concourse-182nd-183rd Sts
Concourse-Bedford Park Blvd
Concourse-Fordham Rd
Concourse-Kingsbridge Rd
Concourse-Norwood-205th St
Concourse-Tremont Av
Concourse-Yankee Stadium-161st St
Jerome-Yankee Stadium-161st St
Crosstown-21st St
Crosstown-Bedford-Nostrand Avs
Crosstown-Broadway
Crosstown-Classon Av
Crosstown-Clinton-Washington Avs
Crosstown-Flushing Av
Crosstown-Fulton St
Crosstown-Greenpoint Av
Crosstown-Long Island City-Court Square
Crosstown-Myrtle-Willoughby Avs
Crosstown-Nassau Av
Culver-18th Av
Culver-Av I
Culver-Av N
Culver-Av P
Culver-Av U
Culver-Av X
Culver-Bay Parkway-22nd Av
Culver-Ditmas Av
Culver-Kings Highway
Culver-Neptune Av-Van Siclen
Fulton-Broadway Junction-East New York
Fulton-Clinton & Washington Avs
Fulton-Euclid Av
Fulton-Franklin Av
Fulton-Hoyt & Schermerhorn
Fulton-Kingston-Throop
Fulton-Lafayette Av
Fulton-Liberty Av
Fulton-Nostrand Av
Fulton-Ralph Av
Fulton-Rockaway Av
Fulton-Shepherd Av
Fulton-Utica Av
Fulton-Van Siclen Av
Liberty-104th St-Oxford Av
Liberty-111th St-Greenwood Av
Liberty-80th St-Hudson St
Liberty-88th St-Boyd Av
Liberty-Grant Av
Liberty-Lefferts Blvd
Liberty-Rockaway Blvd
Queens Boulevard-169th St
Flushing-45 Rd-Court House Sq
Queens Boulevard-23rd St-Ely Av
Queens Boulevard-36th St
Queens Boulevard-46th St
Queens Boulevard-5th Av-53rd St
Queens Boulevard-63rd Drive-Rego Park
Queens Boulevard-65th St
Queens Boulevard-67th Av
Queens Boulevard-75th Av
Queens Boulevard-7th Av
Queens Boulevard-Briarwood-Van Wyck Blvd
Queens Boulevard-Elmhurst Av
Queens Boulevard-Forest Hills-71st Av
Queens Boulevard-Grand Av-Newtown
Flushing-Broadway-74th St
Queens Boulevard-Jackson Heights-Roosevelt Ave
Queens Boulevard-Jamaica-179th St
Queens Boulevard-Kew Gardens-Union Turnpike
Lexington-51st St
Queens Boulevard-Lexington Av-53rd St
Queens Boulevard-Northern Blvd
Queens Boulevard-Parsons Blvd
Queens Boulevard-Queens Plaza
Queens Boulevard-Steinway St
Queens Boulevard-Sutphin Blvd
Queens Boulevard-Woodhaven Blvd
Rockaway-Aqueduct-North Conduit Av
Rockaway-Beach 105th St
Rockaway-Beach 25th St
Rockaway-Beach 36th St
Rockaway-Beach 44th St
Rockaway-Beach 60th St
Rockaway-Beach 67th St
Rockaway-Beach 90th St
Rockaway-Beach 98th St
Rockaway-Broad Channel
Rockaway-Far Rockaway-Mott Av
Rockaway-Howard Beach
Rockaway-Rockaway Park-Beach 116th
42nd St Shuttle-Grand Central
Flushing-Grand Central-42nd St
Lexington-Grand Central-42nd St
42nd St Shuttle-Times Square
Broadway-7th Ave-103rd St
Broadway-7th Ave-116th St-Columbia University
Broadway-7th Ave-125th St
Broadway-7th Ave-137th St-City College
Broadway-7th Ave-145th St
Broadway-7th Ave-157th St
Broadway-7th Ave-168th St
Broadway-7th Ave-181st St
Broadway-7th Ave-18th St
Broadway-7th Ave-191st St
Broadway-7th Ave-207th St
Broadway-7th Ave-215th St
Broadway-7th Ave-231st St
Broadway-7th Ave-238th St
Broadway-7th Ave-23rd St
Broadway-7th Ave-28th St
Broadway-7th Ave-34th St
Broadway-7th Ave-50th St
Broadway-7th Ave-66th St-Lincoln Center
Broadway-7th Ave-72nd St
Broadway-7th Ave-79th St
Broadway-7th Ave-86th St
Broadway-7th Ave-96th St
Broadway-7th Ave-Canal St
Broadway-7th Ave-Cathedral Parkway-110th St
Broadway-7th Ave-Chambers St
Broadway-7th Ave-Christopher St
Broadway-7th Ave-Dyckman St
Broadway-7th Ave-Franklin St
Broadway-7th Ave-Houston St
Broadway-7th Ave-Marble Hill-225th St
Broadway-7th Ave-Rector St
Broadway-7th Ave-Van Cortlandt Park-242nd St
Clark-Clark St
Clark-Park Place
Clark-Wall St
Dyre Av-Baychester Av
Dyre Av-Eastchester-Dyre Av
Dyre Av-Gun Hill Rd
Dyre Av-Morris Park
Dyre Av-Pelham Parkway
Eastern Parkway-Bergen St
Eastern Parkway-Eastern Parkway-Brooklyn Museum
Eastern Parkway-Grand Army Plaza
Eastern Parkway-Hoyt St
Eastern Parkway-Kingston Av
Eastern Parkway-Nevins St
Eastern Parkway-Nostrand Av
Eastern Parkway-Utica Av
Flushing-103rd St
Flushing-111th St
Flushing-34 St Hudson Yards
Flushing-82nd St-Jackson Heights
Flushing-90th St Elmhurst
Flushing-Bliss St-46th St
Flushing-Fisk Av-69th St
Flushing-Flushing-Main St
Flushing-Hunters Point
Flushing-Junction Blvd
Flushing-Lincoln Av-52nd St
Flushing-Lowery St-40th St
Flushing-Mets - Willets Point
Flushing-Queensboro Plaza
Flushing-Rawson St-33rd St
Flushing-Vernon Blvd-Jackson Av
Flushing-Woodside Av-61st St
Jerome-138th St
Jerome-149th St-Grand Concourse
Jerome-167th St
Jerome-170th St
Jerome-176th St
Jerome-183rd St
Jerome-Bedford Park Blvd-Lehman College
Jerome-Burnside Av
Jerome-Fordham Rd
Jerome-Kingsbridge Rd
Jerome-Mosholu Parkway
Jerome-Mt Eden Av
Jerome-Woodlawn
Lenox-110th St-Central Park North
Lenox-116th St
Lenox-125th St
Lenox-135th St
Lenox-145th St
Lenox-Harlem-148th St
Lexington-103rd St
Lexington-110th St
Lexington-116th St
Lexington-125th St
Lexington-23rd St
Lexington-28th St
Lexington-33rd St
Lexington-68th St-Hunter College
Lexington-77th St
Lexington-86th St
Lexington-96th St
Lexington-Astor Place
Lexington-Bowling Green
Lexington-Spring St
Lexington-Wall St
New Lots-Junius St
New Lots-New Lots Av
New Lots-Pennsylvania Av
New Lots-Rockaway Av
New Lots-Saratoga Av
New Lots-Sutter Av
New Lots-Van Siclen Av
Nostrand-Beverly Rd
Nostrand-Church Av
Nostrand-Flatbush Av-Brooklyn College
Nostrand-Newkirk Av
Nostrand-President St
Nostrand-Sterling St
Nostrand-Winthrop St
Pelham-138th St-3rd Ave
Pelham-Brook Av
Pelham-Buhre Av
Pelham-Castle Hill Av
Pelham-Cypress Av
Pelham-East 143rd St-St Mary's St
Pelham-East 149th St
Pelham-Elder Av
Pelham-Hunts Point Av
Pelham-Longwood Av
Pelham-Middletown Rd
Pelham-Morrison Av-Soundview Av
Pelham-Parkchester-East 177th St
Pelham-Pelham Bay Park
Pelham-St Lawrence Av
Pelham-Westchester Square-East Tremont Av
Pelham-Whitlock Av
Pelham-Zerega Av
White Plains Road-149th St-3rd Av
White Plains Road-174th St
White Plains Road-219th St
White Plains Road-225th St
White Plains Road-233rd St
White Plains Road-238th St-Nereid Av
White Plains Road-Allerton Av
White Plains Road-Bronx Park East
White Plains Road-Burke Av
White Plains Road-East 180th St
White Plains Road-East Tremont Av-West Farms Sq
White Plains Road-Freeman St
White Plains Road-Gun Hill Rd
White Plains Road-Intervale Av
White Plains Road-Jackson Av
White Plains Road-Pelham Parkway
White Plains Road-Prospect Av
White Plains Road-Simpson St
White Plains Road-Wakefield-241st St
