
Stations of the F line:
4 Avenue-9th St
Brighton-Stillwell Av
Coney Island-Stillwell Av
6 Avenue-34th St
Broadway-34th St
Broadway-Lawrence St
Fulton-Jay St - Borough Hall
6 Avenue-14th St
Broadway-7th Ave-14th St
Canarsie-6th Av
Coney Island-West 8th St
6 Avenue-Delancey St
Nassau-Essex St
6 Avenue-23rd St
6 Avenue-2nd Av
6 Avenue-42nd St
Flushing-5th Av
6 Avenue-47-50th Sts Rockefeller Center
6 Avenue-4th Av
6 Avenue-57th St
6 Avenue-7th Av
6 Avenue-Bergen St
6 Avenue-Broadway-Lafayette St
Lexington-Bleecker St
6 Avenue-Carroll St
6 Avenue-Church Av
6 Avenue-East Broadway
6 Avenue-Fort Hamilton Parkway
6 Avenue-Prospect Park-15 St
6 Avenue-Smith-9th St
6 Avenue-York St
63rd Street-21st St
63rd Street-Lexington Av
63rd Street-Roosevelt Island
8 Avenue-West 4th St
Culver-18th Av
Culver-Av I
Culver-Av N
Culver-Av P
Culver-Av U
Culver-Av X
Culver-Bay Parkway-22nd Av
Culver-Ditmas Av
Culver-Kings Highway
Culver-Neptune Av-Van Siclen
Queens Boulevard-169th St
Queens Boulevard-75th Av
Queens Boulevard-Briarwood-Van Wyck Blvd
Queens Boulevard-Forest Hills-71st Av
Flushing-Broadway-74th St
Queens Boulevard-Jackson Heights-Roosevelt Ave
Queens Boulevard-Jamaica-179th St
Queens Boulevard-Kew Gardens-Union Turnpike
Queens Boulevard-Parsons Blvd
Queens Boulevard-Sutphin Blvd
