
Entrances at station "Broadway-7th Ave-Times Square":

Broadway;40th St;NE;2
Broadway;40th St;NW;2
Broadway;40th St;SE;2
Broadway;40th St;SW;2
8th Ave;40th St;NW;2
8th Ave;40th St;SE;2
8th Ave;40th St;SW;2
8th Ave;42nd St;NE;2
8th Ave;42nd St;NW;2
8th Ave;43rd St;SW;2
8th Ave;44th St;NW;2
8th Ave;44th St;SE;2
8th Ave;44th St;SW;2
7th Ave;40th St;SE;2
7th Ave;40th St;SW;2
7th Ave;41st St;NW;2
7th Ave;41st St;SE;1
7th Ave;41st St;SE;2
7th Ave;42nd St;NW;2
7th Ave;42nd St;SE;2
7th Ave;42nd St;SW;2
Broadway;42nd St;SE;2

