
Stations of the 7 line:
8 Avenue-42nd St
Broadway-7th Ave-Times Square
Broadway-Times Square-42nd St
6 Avenue-42nd St
Flushing-5th Av
Flushing-45 Rd-Court House Sq
Queens Boulevard-23rd St-Ely Av
Flushing-Broadway-74th St
Queens Boulevard-Jackson Heights-Roosevelt Ave
42nd St Shuttle-Grand Central
Flushing-Grand Central-42nd St
Lexington-Grand Central-42nd St
42nd St Shuttle-Times Square
Flushing-103rd St
Flushing-111th St
Flushing-34 St Hudson Yards
Flushing-82nd St-Jackson Heights
Flushing-90th St Elmhurst
Flushing-Bliss St-46th St
Flushing-Fisk Av-69th St
Flushing-Flushing-Main St
Flushing-Hunters Point
Flushing-Junction Blvd
Flushing-Lincoln Av-52nd St
Flushing-Lowery St-40th St
Flushing-Mets - Willets Point
Flushing-Queensboro Plaza
Flushing-Rawson St-33rd St
Flushing-Vernon Blvd-Jackson Av
Flushing-Woodside Av-61st St
